C51 COMPILER V9.60.0.0   DISPLAY                                                           08/23/2022 22:40:04 PAGE 1   


C51 COMPILER V9.60.0.0, COMPILATION OF MODULE DISPLAY
OBJECT MODULE PLACED IN .\Objects\Display.obj
COMPILER INVOKED BY: C:\Keil_v5\C51\BIN\C51.EXE Display.c OPTIMIZE(8,SPEED) BROWSE DEBUG OBJECTEXTEND PRINT(.\Listings\D
                    -isplay.lst) TABS(2) OBJECT(.\Objects\Display.obj)

line level    source

   1          #include <REGX51.H>
   2          #include <Keyscan.h>
   3          #include <Display.h>
   4          
   5          extern unsigned char k;   //¼üÖµ
   6          
   7          Dig[]={0xc0,0xf9,0xa4,0xb0,0x99,0x92,0x82,0xf8,0x80,0x90,0x88,0x83,0xc6,0xa1,0x86,0x8e};//¶ÎÂë
   8          
   9          void Display(void)
  10          {
  11   1          keyscan();
  12   1          switch(k)
  13   1          {
  14   2            case 0: P0=Dig[0];  break;
  15   2            case 1: P0=Dig[1];  break;
  16   2            case 2: P0=Dig[2];  break;
  17   2            case 3: P0=Dig[3];  break;
  18   2            case 4: P0=Dig[4];  break;
  19   2            case 5: P0=Dig[5];  break;
  20   2            case 6: P0=Dig[6];  break;
  21   2            case 7: P0=Dig[7];  break;
  22   2            case 8: P0=Dig[8];  break;
  23   2            case 9: P0=Dig[9];  break;
  24   2            case 10:  P0=Dig[10]; break;
  25   2            case 11:  P0=Dig[11]; break;
  26   2            case 12:  P0=Dig[12]; break;
  27   2            case 13:  P0=Dig[13]; break;
  28   2            case 14:  P0=Dig[14]; break;
  29   2            case 15:  P0=Dig[15]; break;
  30   2            default:  break;
  31   2          }
  32   1      }


MODULE INFORMATION:   STATIC OVERLAYABLE
   CODE SIZE        =    129    ----
   CONSTANT SIZE    =   ----    ----
   XDATA SIZE       =   ----    ----
   PDATA SIZE       =   ----    ----
   DATA SIZE        =     32    ----
   IDATA SIZE       =   ----    ----
   BIT SIZE         =   ----    ----
END OF MODULE INFORMATION.


C51 COMPILATION COMPLETE.  0 WARNING(S),  0 ERROR(S)
