C51 COMPILER V9.60.0.0   SMG                                                               08/23/2022 23:23:05 PAGE 1   


C51 COMPILER V9.60.0.0, COMPILATION OF MODULE SMG
OBJECT MODULE PLACED IN .\Objects\Smg.obj
COMPILER INVOKED BY: C:\Keil_v5\C51\BIN\C51.EXE Smg.c OPTIMIZE(8,SPEED) BROWSE DEBUG OBJECTEXTEND PRINT(.\Listings\Smg.l
                    -st) TABS(2) OBJECT(.\Objects\Smg.obj)

line level    source

   1          #include <REGX51.H>
   2          #include <Delay.h>
   3          #include <Smg.h>
   4          
   5          Dig[]={0xc0,0xf9,0xa4,0xb0,0x99,0x92,0x82,0xf8,0x80,0x90,0x88,0x83,0xc6,0xa1,0x86,0x8e};//¶ÎÂë
   6          
   7          void Wei(unsigned char i)
   8          {
   9   1        switch(i)
  10   1          {
  11   2            case 1: P2=0X01;  break;
  12   2            case 2: P2=0X02;  break;
  13   2            case 3: P2=0X04;  break;
  14   2            case 4: P2=0X08;  break;
  15   2          }
  16   1        delayms(2);
  17   1        P2=0X00;
  18   1      }
  19          
  20          void Display(unsigned int i)
  21          {
  22   1        int s1,s2,s3,s4;
  23   1        
  24   1        s1=i/1000%10;
  25   1        s2=i/100%10;
  26   1        s3=i/10%10;
  27   1        s4=i%10;
  28   1        
  29   1        P0=Dig[s1]; Wei(1); delayms(2);
  30   1        P0=Dig[s2]; Wei(2); delayms(2);
  31   1        P0=Dig[s3]; Wei(3); delayms(2);
  32   1        P0=Dig[s4]; Wei(4); delayms(2);
  33   1      }


MODULE INFORMATION:   STATIC OVERLAYABLE
   CODE SIZE        =    206    ----
   CONSTANT SIZE    =   ----    ----
   XDATA SIZE       =   ----    ----
   PDATA SIZE       =   ----    ----
   DATA SIZE        =     32       6
   IDATA SIZE       =   ----    ----
   BIT SIZE         =   ----    ----
END OF MODULE INFORMATION.


C51 COMPILATION COMPLETE.  0 WARNING(S),  0 ERROR(S)
