C51 COMPILER V9.60.0.0   MAIN                                                              08/30/2021 10:48:55 PAGE 1   


C51 COMPILER V9.60.0.0, COMPILATION OF MODULE MAIN
OBJECT MODULE PLACED IN .\¹Ì¼þ\main.obj
COMPILER INVOKED BY: C:\Keil_v5\C51\BIN\C51.EXE main.c OPTIMIZE(8,SPEED) BROWSE DEBUG OBJECTEXTEND PRINT(.\Listings\main
                    -.lst) OBJECT(.\¹Ì¼þ\main.obj)

line level    source

   1          #include <CH452CMD.H>
   2          #include <PIN.H>
   3          #include <CH452W4.C>
   4          #include <Display.C>
   5          #include <Delay.C>
   6          #include <Init.C>
   7          #include <Services.C>
   8          #include <KeyINT.C>
   9          
  10          //24Mæ™¶æŒ¯  
  11          
  12          void main()
  13          {       
  14   1              init();
  15   1              while(1)
  16   1              {
  17   2                      
  18   2              }
  19   1      }


MODULE INFORMATION:   STATIC OVERLAYABLE
   CODE SIZE        =    689    ----
   CONSTANT SIZE    =   ----    ----
   XDATA SIZE       =     36    ----
   PDATA SIZE       =   ----    ----
   DATA SIZE        =   ----       6
   IDATA SIZE       =   ----    ----
   BIT SIZE         =   ----    ----
END OF MODULE INFORMATION.


C51 COMPILATION COMPLETE.  0 WARNING(S),  0 ERROR(S)
