C51 COMPILER V9.60.0.0   SMG                                                               08/24/2022 20:01:29 PAGE 1   


C51 COMPILER V9.60.0.0, COMPILATION OF MODULE SMG
OBJECT MODULE PLACED IN .\Objects\Smg.obj
COMPILER INVOKED BY: C:\Keil_v5\C51\BIN\C51.EXE Smg.c OPTIMIZE(8,SPEED) BROWSE DEBUG OBJECTEXTEND PRINT(.\Listings\Smg.l
                    -st) TABS(2) OBJECT(.\Objects\Smg.obj)

line level    source

   1          #include <REGX51.H>
   2          #include <Keyscan.h>
   3          #include <Delay.h>
   4          #include <Smg.h>
   5          
   6          extern unsigned char flag;
   7          Dig[]={0xc0,0xf9,0xa4,0xb0,0x99,0x92,0x82,0xf8,0x80,0x90,0x88,0x83,0xc6,0xa1,0x86,0x8e};//¶ÎÂë
   8          
   9          void Wei(unsigned char i)
  10          {
  11   1        switch(i)
  12   1          {
  13   2            case 1: P2=0X01;  break;
  14   2            case 2: P2=0X02;  break;
  15   2            case 3: P2=0X04;  break;
  16   2            case 4: P2=0X08;  break;
  17   2          }
  18   1        delayms(2);
  19   1        P2=0X00;
  20   1      }
  21          
  22          void Display(unsigned int i)
  23          {
  24   1        int s1,s2,s3,s4;
  25   1        
  26   1        s1=i/1000%10;
  27   1        s2=i/100%10;
  28   1        s3=i/10%10;
  29   1        s4=i%10;
  30   1        
  31   1        P0=Dig[s1]; Wei(1); delayms(2);
  32   1        P0=Dig[s2]; Wei(2); delayms(2);
  33   1        P0=Dig[s3]; Wei(3); delayms(2);
  34   1        P0=Dig[s4]; Wei(4); delayms(2);
  35   1      }
  36          
  37          void Alert(void)
  38          {
  39   1        while(!flag)
  40   1        {
  41   2          P0=Dig[15]; Wei(1); delayms(2);
  42   2          P0=Dig[15]; Wei(2); delayms(2);
  43   2          P0=Dig[15]; Wei(3); delayms(2);
  44   2          P0=Dig[15]; Wei(4); delayms(2);
  45   2          keyscan();
  46   2        }
  47   1      }


MODULE INFORMATION:   STATIC OVERLAYABLE
   CODE SIZE        =    268    ----
   CONSTANT SIZE    =   ----    ----
   XDATA SIZE       =   ----    ----
   PDATA SIZE       =   ----    ----
C51 COMPILER V9.60.0.0   SMG                                                               08/24/2022 20:01:29 PAGE 2   

   DATA SIZE        =     32       6
   IDATA SIZE       =   ----    ----
   BIT SIZE         =   ----    ----
END OF MODULE INFORMATION.


C51 COMPILATION COMPLETE.  0 WARNING(S),  0 ERROR(S)
